[2025-03-20 22:32:51] local.ERROR: SQLSTATE[HY000]: General error: 1 table "players" already exists (Connection: sqlite, SQL: create table "players" ("id" integer primary key autoincrement not null, "created_at" datetime, "updated_at" datetime)) {"exception":"[object] (Illuminate\\Database\\QueryException(code: HY000): SQLSTATE[HY000]: General error: 1 table \"players\" already exists (Connection: sqlite, SQL: create table \"players\" (\"id\" integer primary key autoincrement not null, \"created_at\" datetime, \"updated_at\" datetime)) at C:\\ООП\\PHP_Puchkin_IYU\\Task04\\vendor\\laravel\\framework\\src\\Illuminate\\Database\\Connection.php:823)
[stacktrace]
#0 C:\\ООП\\PHP_Puchkin_IYU\\Task04\\vendor\\laravel\\framework\\src\\Illuminate\\Database\\Connection.php(777): Illuminate\\Database\\Connection->runQueryCallback()
#1 C:\\ООП\\PHP_Puchkin_IYU\\Task04\\vendor\\laravel\\framework\\src\\Illuminate\\Database\\Connection.php(558): Illuminate\\Database\\Connection->run()
#2 C:\\ООП\\PHP_Puchkin_IYU\\Task04\\vendor\\laravel\\framework\\src\\Illuminate\\Database\\Schema\\Blueprint.php(120): Illuminate\\Database\\Connection->statement()
#3 C:\\ООП\\PHP_Puchkin_IYU\\Task04\\vendor\\laravel\\framework\\src\\Illuminate\\Database\\Schema\\Builder.php(619): Illuminate\\Database\\Schema\\Blueprint->build()
#4 C:\\ООП\\PHP_Puchkin_IYU\\Task04\\vendor\\laravel\\framework\\src\\Illuminate\\Database\\Schema\\Builder.php(473): Illuminate\\Database\\Schema\\Builder->build()
#5 C:\\ООП\\PHP_Puchkin_IYU\\Task04\\vendor\\laravel\\framework\\src\\Illuminate\\Support\\Facades\\Facade.php(361): Illuminate\\Database\\Schema\\Builder->create()
#6 C:\\ООП\\PHP_Puchkin_IYU\\Task04\\database\\migrations\\2025_03_20_190453_create_players_table.php(14): Illuminate\\Support\\Facades\\Facade::__callStatic()
#7 C:\\ООП\\PHP_Puchkin_IYU\\Task04\\vendor\\laravel\\framework\\src\\Illuminate\\Database\\Migrations\\Migrator.php(507): Illuminate\\Database\\Migrations\\Migration@anonymous->up()
#8 C:\\ООП\\PHP_Puchkin_IYU\\Task04\\vendor\\laravel\\framework\\src\\Illuminate\\Database\\Migrations\\Migrator.php(432): Illuminate\\Database\\Migrations\\Migrator->runMethod()
#9 C:\\ООП\\PHP_Puchkin_IYU\\Task04\\vendor\\laravel\\framework\\src\\Illuminate\\Database\\Migrations\\Migrator.php(441): Illuminate\\Database\\Migrations\\Migrator->Illuminate\\Database\\Migrations\\{closure}()
#10 C:\\ООП\\PHP_Puchkin_IYU\\Task04\\vendor\\laravel\\framework\\src\\Illuminate\\Database\\Migrations\\Migrator.php(244): Illuminate\\Database\\Migrations\\Migrator->runMigration()
#11 C:\\ООП\\PHP_Puchkin_IYU\\Task04\\vendor\\laravel\\framework\\src\\Illuminate\\Console\\View\\Components\\Task.php(40): Illuminate\\Database\\Migrations\\Migrator->Illuminate\\Database\\Migrations\\{closure}()
#12 C:\\ООП\\PHP_Puchkin_IYU\\Task04\\vendor\\laravel\\framework\\src\\Illuminate\\Database\\Migrations\\Migrator.php(798): Illuminate\\Console\\View\\Components\\Task->render()
#13 C:\\ООП\\PHP_Puchkin_IYU\\Task04\\vendor\\laravel\\framework\\src\\Illuminate\\Database\\Migrations\\Migrator.php(244): Illuminate\\Database\\Migrations\\Migrator->write()
#14 C:\\ООП\\PHP_Puchkin_IYU\\Task04\\vendor\\laravel\\framework\\src\\Illuminate\\Database\\Migrations\\Migrator.php(211): Illuminate\\Database\\Migrations\\Migrator->runUp()
#15 C:\\ООП\\PHP_Puchkin_IYU\\Task04\\vendor\\laravel\\framework\\src\\Illuminate\\Database\\Migrations\\Migrator.php(138): Illuminate\\Database\\Migrations\\Migrator->runPending()
#16 C:\\ООП\\PHP_Puchkin_IYU\\Task04\\vendor\\laravel\\framework\\src\\Illuminate\\Database\\Console\\Migrations\\MigrateCommand.php(117): Illuminate\\Database\\Migrations\\Migrator->run()
#17 C:\\ООП\\PHP_Puchkin_IYU\\Task04\\vendor\\laravel\\framework\\src\\Illuminate\\Database\\Migrations\\Migrator.php(658): Illuminate\\Database\\Console\\Migrations\\MigrateCommand->Illuminate\\Database\\Console\\Migrations\\{closure}()
#18 C:\\ООП\\PHP_Puchkin_IYU\\Task04\\vendor\\laravel\\framework\\src\\Illuminate\\Database\\Console\\Migrations\\MigrateCommand.php(110): Illuminate\\Database\\Migrations\\Migrator->usingConnection()
#19 C:\\ООП\\PHP_Puchkin_IYU\\Task04\\vendor\\laravel\\framework\\src\\Illuminate\\Database\\Console\\Migrations\\MigrateCommand.php(89): Illuminate\\Database\\Console\\Migrations\\MigrateCommand->runMigrations()
#20 C:\\ООП\\PHP_Puchkin_IYU\\Task04\\vendor\\laravel\\framework\\src\\Illuminate\\Container\\BoundMethod.php(36): Illuminate\\Database\\Console\\Migrations\\MigrateCommand->handle()
#21 C:\\ООП\\PHP_Puchkin_IYU\\Task04\\vendor\\laravel\\framework\\src\\Illuminate\\Container\\Util.php(43): Illuminate\\Container\\BoundMethod::Illuminate\\Container\\{closure}()
#22 C:\\ООП\\PHP_Puchkin_IYU\\Task04\\vendor\\laravel\\framework\\src\\Illuminate\\Container\\BoundMethod.php(96): Illuminate\\Container\\Util::unwrapIfClosure()
#23 C:\\ООП\\PHP_Puchkin_IYU\\Task04\\vendor\\laravel\\framework\\src\\Illuminate\\Container\\BoundMethod.php(35): Illuminate\\Container\\BoundMethod::callBoundMethod()
#24 C:\\ООП\\PHP_Puchkin_IYU\\Task04\\vendor\\laravel\\framework\\src\\Illuminate\\Container\\Container.php(754): Illuminate\\Container\\BoundMethod::call()
#25 C:\\ООП\\PHP_Puchkin_IYU\\Task04\\vendor\\laravel\\framework\\src\\Illuminate\\Console\\Command.php(213): Illuminate\\Container\\Container->call()
#26 C:\\ООП\\PHP_Puchkin_IYU\\Task04\\vendor\\symfony\\console\\Command\\Command.php(279): Illuminate\\Console\\Command->execute()
#27 C:\\ООП\\PHP_Puchkin_IYU\\Task04\\vendor\\laravel\\framework\\src\\Illuminate\\Console\\Command.php(182): Symfony\\Component\\Console\\Command\\Command->run()
#28 C:\\ООП\\PHP_Puchkin_IYU\\Task04\\vendor\\symfony\\console\\Application.php(1094): Illuminate\\Console\\Command->run()
#29 C:\\ООП\\PHP_Puchkin_IYU\\Task04\\vendor\\symfony\\console\\Application.php(342): Symfony\\Component\\Console\\Application->doRunCommand()
#30 C:\\ООП\\PHP_Puchkin_IYU\\Task04\\vendor\\symfony\\console\\Application.php(193): Symfony\\Component\\Console\\Application->doRun()
#31 C:\\ООП\\PHP_Puchkin_IYU\\Task04\\vendor\\laravel\\framework\\src\\Illuminate\\Foundation\\Console\\Kernel.php(198): Symfony\\Component\\Console\\Application->run()
#32 C:\\ООП\\PHP_Puchkin_IYU\\Task04\\vendor\\laravel\\framework\\src\\Illuminate\\Foundation\\Application.php(1235): Illuminate\\Foundation\\Console\\Kernel->handle()
#33 C:\\ООП\\PHP_Puchkin_IYU\\Task04\\artisan(16): Illuminate\\Foundation\\Application->handleCommand()
#34 {main}

[previous exception] [object] (PDOException(code: HY000): SQLSTATE[HY000]: General error: 1 table \"players\" already exists at C:\\ООП\\PHP_Puchkin_IYU\\Task04\\vendor\\laravel\\framework\\src\\Illuminate\\Database\\Connection.php:563)
[stacktrace]
#0 C:\\ООП\\PHP_Puchkin_IYU\\Task04\\vendor\\laravel\\framework\\src\\Illuminate\\Database\\Connection.php(563): PDO->prepare()
#1 C:\\ООП\\PHP_Puchkin_IYU\\Task04\\vendor\\laravel\\framework\\src\\Illuminate\\Database\\Connection.php(810): Illuminate\\Database\\Connection->Illuminate\\Database\\{closure}()
#2 C:\\ООП\\PHP_Puchkin_IYU\\Task04\\vendor\\laravel\\framework\\src\\Illuminate\\Database\\Connection.php(777): Illuminate\\Database\\Connection->runQueryCallback()
#3 C:\\ООП\\PHP_Puchkin_IYU\\Task04\\vendor\\laravel\\framework\\src\\Illuminate\\Database\\Connection.php(558): Illuminate\\Database\\Connection->run()
#4 C:\\ООП\\PHP_Puchkin_IYU\\Task04\\vendor\\laravel\\framework\\src\\Illuminate\\Database\\Schema\\Blueprint.php(120): Illuminate\\Database\\Connection->statement()
#5 C:\\ООП\\PHP_Puchkin_IYU\\Task04\\vendor\\laravel\\framework\\src\\Illuminate\\Database\\Schema\\Builder.php(619): Illuminate\\Database\\Schema\\Blueprint->build()
#6 C:\\ООП\\PHP_Puchkin_IYU\\Task04\\vendor\\laravel\\framework\\src\\Illuminate\\Database\\Schema\\Builder.php(473): Illuminate\\Database\\Schema\\Builder->build()
#7 C:\\ООП\\PHP_Puchkin_IYU\\Task04\\vendor\\laravel\\framework\\src\\Illuminate\\Support\\Facades\\Facade.php(361): Illuminate\\Database\\Schema\\Builder->create()
#8 C:\\ООП\\PHP_Puchkin_IYU\\Task04\\database\\migrations\\2025_03_20_190453_create_players_table.php(14): Illuminate\\Support\\Facades\\Facade::__callStatic()
#9 C:\\ООП\\PHP_Puchkin_IYU\\Task04\\vendor\\laravel\\framework\\src\\Illuminate\\Database\\Migrations\\Migrator.php(507): Illuminate\\Database\\Migrations\\Migration@anonymous->up()
#10 C:\\ООП\\PHP_Puchkin_IYU\\Task04\\vendor\\laravel\\framework\\src\\Illuminate\\Database\\Migrations\\Migrator.php(432): Illuminate\\Database\\Migrations\\Migrator->runMethod()
#11 C:\\ООП\\PHP_Puchkin_IYU\\Task04\\vendor\\laravel\\framework\\src\\Illuminate\\Database\\Migrations\\Migrator.php(441): Illuminate\\Database\\Migrations\\Migrator->Illuminate\\Database\\Migrations\\{closure}()
#12 C:\\ООП\\PHP_Puchkin_IYU\\Task04\\vendor\\laravel\\framework\\src\\Illuminate\\Database\\Migrations\\Migrator.php(244): Illuminate\\Database\\Migrations\\Migrator->runMigration()
#13 C:\\ООП\\PHP_Puchkin_IYU\\Task04\\vendor\\laravel\\framework\\src\\Illuminate\\Console\\View\\Components\\Task.php(40): Illuminate\\Database\\Migrations\\Migrator->Illuminate\\Database\\Migrations\\{closure}()
#14 C:\\ООП\\PHP_Puchkin_IYU\\Task04\\vendor\\laravel\\framework\\src\\Illuminate\\Database\\Migrations\\Migrator.php(798): Illuminate\\Console\\View\\Components\\Task->render()
#15 C:\\ООП\\PHP_Puchkin_IYU\\Task04\\vendor\\laravel\\framework\\src\\Illuminate\\Database\\Migrations\\Migrator.php(244): Illuminate\\Database\\Migrations\\Migrator->write()
#16 C:\\ООП\\PHP_Puchkin_IYU\\Task04\\vendor\\laravel\\framework\\src\\Illuminate\\Database\\Migrations\\Migrator.php(211): Illuminate\\Database\\Migrations\\Migrator->runUp()
#17 C:\\ООП\\PHP_Puchkin_IYU\\Task04\\vendor\\laravel\\framework\\src\\Illuminate\\Database\\Migrations\\Migrator.php(138): Illuminate\\Database\\Migrations\\Migrator->runPending()
#18 C:\\ООП\\PHP_Puchkin_IYU\\Task04\\vendor\\laravel\\framework\\src\\Illuminate\\Database\\Console\\Migrations\\MigrateCommand.php(117): Illuminate\\Database\\Migrations\\Migrator->run()
#19 C:\\ООП\\PHP_Puchkin_IYU\\Task04\\vendor\\laravel\\framework\\src\\Illuminate\\Database\\Migrations\\Migrator.php(658): Illuminate\\Database\\Console\\Migrations\\MigrateCommand->Illuminate\\Database\\Console\\Migrations\\{closure}()
#20 C:\\ООП\\PHP_Puchkin_IYU\\Task04\\vendor\\laravel\\framework\\src\\Illuminate\\Database\\Console\\Migrations\\MigrateCommand.php(110): Illuminate\\Database\\Migrations\\Migrator->usingConnection()
#21 C:\\ООП\\PHP_Puchkin_IYU\\Task04\\vendor\\laravel\\framework\\src\\Illuminate\\Database\\Console\\Migrations\\MigrateCommand.php(89): Illuminate\\Database\\Console\\Migrations\\MigrateCommand->runMigrations()
#22 C:\\ООП\\PHP_Puchkin_IYU\\Task04\\vendor\\laravel\\framework\\src\\Illuminate\\Container\\BoundMethod.php(36): Illuminate\\Database\\Console\\Migrations\\MigrateCommand->handle()
#23 C:\\ООП\\PHP_Puchkin_IYU\\Task04\\vendor\\laravel\\framework\\src\\Illuminate\\Container\\Util.php(43): Illuminate\\Container\\BoundMethod::Illuminate\\Container\\{closure}()
#24 C:\\ООП\\PHP_Puchkin_IYU\\Task04\\vendor\\laravel\\framework\\src\\Illuminate\\Container\\BoundMethod.php(96): Illuminate\\Container\\Util::unwrapIfClosure()
#25 C:\\ООП\\PHP_Puchkin_IYU\\Task04\\vendor\\laravel\\framework\\src\\Illuminate\\Container\\BoundMethod.php(35): Illuminate\\Container\\BoundMethod::callBoundMethod()
#26 C:\\ООП\\PHP_Puchkin_IYU\\Task04\\vendor\\laravel\\framework\\src\\Illuminate\\Container\\Container.php(754): Illuminate\\Container\\BoundMethod::call()
#27 C:\\ООП\\PHP_Puchkin_IYU\\Task04\\vendor\\laravel\\framework\\src\\Illuminate\\Console\\Command.php(213): Illuminate\\Container\\Container->call()
#28 C:\\ООП\\PHP_Puchkin_IYU\\Task04\\vendor\\symfony\\console\\Command\\Command.php(279): Illuminate\\Console\\Command->execute()
#29 C:\\ООП\\PHP_Puchkin_IYU\\Task04\\vendor\\laravel\\framework\\src\\Illuminate\\Console\\Command.php(182): Symfony\\Component\\Console\\Command\\Command->run()
#30 C:\\ООП\\PHP_Puchkin_IYU\\Task04\\vendor\\symfony\\console\\Application.php(1094): Illuminate\\Console\\Command->run()
#31 C:\\ООП\\PHP_Puchkin_IYU\\Task04\\vendor\\symfony\\console\\Application.php(342): Symfony\\Component\\Console\\Application->doRunCommand()
#32 C:\\ООП\\PHP_Puchkin_IYU\\Task04\\vendor\\symfony\\console\\Application.php(193): Symfony\\Component\\Console\\Application->doRun()
#33 C:\\ООП\\PHP_Puchkin_IYU\\Task04\\vendor\\laravel\\framework\\src\\Illuminate\\Foundation\\Console\\Kernel.php(198): Symfony\\Component\\Console\\Application->run()
#34 C:\\ООП\\PHP_Puchkin_IYU\\Task04\\vendor\\laravel\\framework\\src\\Illuminate\\Foundation\\Application.php(1235): Illuminate\\Foundation\\Console\\Kernel->handle()
#35 C:\\ООП\\PHP_Puchkin_IYU\\Task04\\artisan(16): Illuminate\\Foundation\\Application->handleCommand()
#36 {main}
"} 
[2025-03-20 22:33:31] local.ERROR: SQLSTATE[HY000]: General error: 1 table "players" already exists (Connection: sqlite, SQL: create table "players" ("id" integer primary key autoincrement not null, "created_at" datetime, "updated_at" datetime)) {"exception":"[object] (Illuminate\\Database\\QueryException(code: HY000): SQLSTATE[HY000]: General error: 1 table \"players\" already exists (Connection: sqlite, SQL: create table \"players\" (\"id\" integer primary key autoincrement not null, \"created_at\" datetime, \"updated_at\" datetime)) at C:\\ООП\\PHP_Puchkin_IYU\\Task04\\vendor\\laravel\\framework\\src\\Illuminate\\Database\\Connection.php:823)
[stacktrace]
#0 C:\\ООП\\PHP_Puchkin_IYU\\Task04\\vendor\\laravel\\framework\\src\\Illuminate\\Database\\Connection.php(777): Illuminate\\Database\\Connection->runQueryCallback()
#1 C:\\ООП\\PHP_Puchkin_IYU\\Task04\\vendor\\laravel\\framework\\src\\Illuminate\\Database\\Connection.php(558): Illuminate\\Database\\Connection->run()
#2 C:\\ООП\\PHP_Puchkin_IYU\\Task04\\vendor\\laravel\\framework\\src\\Illuminate\\Database\\Schema\\Blueprint.php(120): Illuminate\\Database\\Connection->statement()
#3 C:\\ООП\\PHP_Puchkin_IYU\\Task04\\vendor\\laravel\\framework\\src\\Illuminate\\Database\\Schema\\Builder.php(619): Illuminate\\Database\\Schema\\Blueprint->build()
#4 C:\\ООП\\PHP_Puchkin_IYU\\Task04\\vendor\\laravel\\framework\\src\\Illuminate\\Database\\Schema\\Builder.php(473): Illuminate\\Database\\Schema\\Builder->build()
#5 C:\\ООП\\PHP_Puchkin_IYU\\Task04\\vendor\\laravel\\framework\\src\\Illuminate\\Support\\Facades\\Facade.php(361): Illuminate\\Database\\Schema\\Builder->create()
#6 C:\\ООП\\PHP_Puchkin_IYU\\Task04\\database\\migrations\\2025_03_20_190453_create_players_table.php(14): Illuminate\\Support\\Facades\\Facade::__callStatic()
#7 C:\\ООП\\PHP_Puchkin_IYU\\Task04\\vendor\\laravel\\framework\\src\\Illuminate\\Database\\Migrations\\Migrator.php(507): Illuminate\\Database\\Migrations\\Migration@anonymous->up()
#8 C:\\ООП\\PHP_Puchkin_IYU\\Task04\\vendor\\laravel\\framework\\src\\Illuminate\\Database\\Migrations\\Migrator.php(432): Illuminate\\Database\\Migrations\\Migrator->runMethod()
#9 C:\\ООП\\PHP_Puchkin_IYU\\Task04\\vendor\\laravel\\framework\\src\\Illuminate\\Database\\Migrations\\Migrator.php(441): Illuminate\\Database\\Migrations\\Migrator->Illuminate\\Database\\Migrations\\{closure}()
#10 C:\\ООП\\PHP_Puchkin_IYU\\Task04\\vendor\\laravel\\framework\\src\\Illuminate\\Database\\Migrations\\Migrator.php(244): Illuminate\\Database\\Migrations\\Migrator->runMigration()
#11 C:\\ООП\\PHP_Puchkin_IYU\\Task04\\vendor\\laravel\\framework\\src\\Illuminate\\Console\\View\\Components\\Task.php(40): Illuminate\\Database\\Migrations\\Migrator->Illuminate\\Database\\Migrations\\{closure}()
#12 C:\\ООП\\PHP_Puchkin_IYU\\Task04\\vendor\\laravel\\framework\\src\\Illuminate\\Database\\Migrations\\Migrator.php(798): Illuminate\\Console\\View\\Components\\Task->render()
#13 C:\\ООП\\PHP_Puchkin_IYU\\Task04\\vendor\\laravel\\framework\\src\\Illuminate\\Database\\Migrations\\Migrator.php(244): Illuminate\\Database\\Migrations\\Migrator->write()
#14 C:\\ООП\\PHP_Puchkin_IYU\\Task04\\vendor\\laravel\\framework\\src\\Illuminate\\Database\\Migrations\\Migrator.php(211): Illuminate\\Database\\Migrations\\Migrator->runUp()
#15 C:\\ООП\\PHP_Puchkin_IYU\\Task04\\vendor\\laravel\\framework\\src\\Illuminate\\Database\\Migrations\\Migrator.php(138): Illuminate\\Database\\Migrations\\Migrator->runPending()
#16 C:\\ООП\\PHP_Puchkin_IYU\\Task04\\vendor\\laravel\\framework\\src\\Illuminate\\Database\\Console\\Migrations\\MigrateCommand.php(117): Illuminate\\Database\\Migrations\\Migrator->run()
#17 C:\\ООП\\PHP_Puchkin_IYU\\Task04\\vendor\\laravel\\framework\\src\\Illuminate\\Database\\Migrations\\Migrator.php(658): Illuminate\\Database\\Console\\Migrations\\MigrateCommand->Illuminate\\Database\\Console\\Migrations\\{closure}()
#18 C:\\ООП\\PHP_Puchkin_IYU\\Task04\\vendor\\laravel\\framework\\src\\Illuminate\\Database\\Console\\Migrations\\MigrateCommand.php(110): Illuminate\\Database\\Migrations\\Migrator->usingConnection()
#19 C:\\ООП\\PHP_Puchkin_IYU\\Task04\\vendor\\laravel\\framework\\src\\Illuminate\\Database\\Console\\Migrations\\MigrateCommand.php(89): Illuminate\\Database\\Console\\Migrations\\MigrateCommand->runMigrations()
#20 C:\\ООП\\PHP_Puchkin_IYU\\Task04\\vendor\\laravel\\framework\\src\\Illuminate\\Container\\BoundMethod.php(36): Illuminate\\Database\\Console\\Migrations\\MigrateCommand->handle()
#21 C:\\ООП\\PHP_Puchkin_IYU\\Task04\\vendor\\laravel\\framework\\src\\Illuminate\\Container\\Util.php(43): Illuminate\\Container\\BoundMethod::Illuminate\\Container\\{closure}()
#22 C:\\ООП\\PHP_Puchkin_IYU\\Task04\\vendor\\laravel\\framework\\src\\Illuminate\\Container\\BoundMethod.php(96): Illuminate\\Container\\Util::unwrapIfClosure()
#23 C:\\ООП\\PHP_Puchkin_IYU\\Task04\\vendor\\laravel\\framework\\src\\Illuminate\\Container\\BoundMethod.php(35): Illuminate\\Container\\BoundMethod::callBoundMethod()
#24 C:\\ООП\\PHP_Puchkin_IYU\\Task04\\vendor\\laravel\\framework\\src\\Illuminate\\Container\\Container.php(754): Illuminate\\Container\\BoundMethod::call()
#25 C:\\ООП\\PHP_Puchkin_IYU\\Task04\\vendor\\laravel\\framework\\src\\Illuminate\\Console\\Command.php(213): Illuminate\\Container\\Container->call()
#26 C:\\ООП\\PHP_Puchkin_IYU\\Task04\\vendor\\symfony\\console\\Command\\Command.php(279): Illuminate\\Console\\Command->execute()
#27 C:\\ООП\\PHP_Puchkin_IYU\\Task04\\vendor\\laravel\\framework\\src\\Illuminate\\Console\\Command.php(182): Symfony\\Component\\Console\\Command\\Command->run()
#28 C:\\ООП\\PHP_Puchkin_IYU\\Task04\\vendor\\symfony\\console\\Application.php(1094): Illuminate\\Console\\Command->run()
#29 C:\\ООП\\PHP_Puchkin_IYU\\Task04\\vendor\\symfony\\console\\Application.php(342): Symfony\\Component\\Console\\Application->doRunCommand()
#30 C:\\ООП\\PHP_Puchkin_IYU\\Task04\\vendor\\symfony\\console\\Application.php(193): Symfony\\Component\\Console\\Application->doRun()
#31 C:\\ООП\\PHP_Puchkin_IYU\\Task04\\vendor\\laravel\\framework\\src\\Illuminate\\Foundation\\Console\\Kernel.php(198): Symfony\\Component\\Console\\Application->run()
#32 C:\\ООП\\PHP_Puchkin_IYU\\Task04\\vendor\\laravel\\framework\\src\\Illuminate\\Foundation\\Application.php(1235): Illuminate\\Foundation\\Console\\Kernel->handle()
#33 C:\\ООП\\PHP_Puchkin_IYU\\Task04\\artisan(16): Illuminate\\Foundation\\Application->handleCommand()
#34 {main}

[previous exception] [object] (PDOException(code: HY000): SQLSTATE[HY000]: General error: 1 table \"players\" already exists at C:\\ООП\\PHP_Puchkin_IYU\\Task04\\vendor\\laravel\\framework\\src\\Illuminate\\Database\\Connection.php:563)
[stacktrace]
#0 C:\\ООП\\PHP_Puchkin_IYU\\Task04\\vendor\\laravel\\framework\\src\\Illuminate\\Database\\Connection.php(563): PDO->prepare()
#1 C:\\ООП\\PHP_Puchkin_IYU\\Task04\\vendor\\laravel\\framework\\src\\Illuminate\\Database\\Connection.php(810): Illuminate\\Database\\Connection->Illuminate\\Database\\{closure}()
#2 C:\\ООП\\PHP_Puchkin_IYU\\Task04\\vendor\\laravel\\framework\\src\\Illuminate\\Database\\Connection.php(777): Illuminate\\Database\\Connection->runQueryCallback()
#3 C:\\ООП\\PHP_Puchkin_IYU\\Task04\\vendor\\laravel\\framework\\src\\Illuminate\\Database\\Connection.php(558): Illuminate\\Database\\Connection->run()
#4 C:\\ООП\\PHP_Puchkin_IYU\\Task04\\vendor\\laravel\\framework\\src\\Illuminate\\Database\\Schema\\Blueprint.php(120): Illuminate\\Database\\Connection->statement()
#5 C:\\ООП\\PHP_Puchkin_IYU\\Task04\\vendor\\laravel\\framework\\src\\Illuminate\\Database\\Schema\\Builder.php(619): Illuminate\\Database\\Schema\\Blueprint->build()
#6 C:\\ООП\\PHP_Puchkin_IYU\\Task04\\vendor\\laravel\\framework\\src\\Illuminate\\Database\\Schema\\Builder.php(473): Illuminate\\Database\\Schema\\Builder->build()
#7 C:\\ООП\\PHP_Puchkin_IYU\\Task04\\vendor\\laravel\\framework\\src\\Illuminate\\Support\\Facades\\Facade.php(361): Illuminate\\Database\\Schema\\Builder->create()
#8 C:\\ООП\\PHP_Puchkin_IYU\\Task04\\database\\migrations\\2025_03_20_190453_create_players_table.php(14): Illuminate\\Support\\Facades\\Facade::__callStatic()
#9 C:\\ООП\\PHP_Puchkin_IYU\\Task04\\vendor\\laravel\\framework\\src\\Illuminate\\Database\\Migrations\\Migrator.php(507): Illuminate\\Database\\Migrations\\Migration@anonymous->up()
#10 C:\\ООП\\PHP_Puchkin_IYU\\Task04\\vendor\\laravel\\framework\\src\\Illuminate\\Database\\Migrations\\Migrator.php(432): Illuminate\\Database\\Migrations\\Migrator->runMethod()
#11 C:\\ООП\\PHP_Puchkin_IYU\\Task04\\vendor\\laravel\\framework\\src\\Illuminate\\Database\\Migrations\\Migrator.php(441): Illuminate\\Database\\Migrations\\Migrator->Illuminate\\Database\\Migrations\\{closure}()
#12 C:\\ООП\\PHP_Puchkin_IYU\\Task04\\vendor\\laravel\\framework\\src\\Illuminate\\Database\\Migrations\\Migrator.php(244): Illuminate\\Database\\Migrations\\Migrator->runMigration()
#13 C:\\ООП\\PHP_Puchkin_IYU\\Task04\\vendor\\laravel\\framework\\src\\Illuminate\\Console\\View\\Components\\Task.php(40): Illuminate\\Database\\Migrations\\Migrator->Illuminate\\Database\\Migrations\\{closure}()
#14 C:\\ООП\\PHP_Puchkin_IYU\\Task04\\vendor\\laravel\\framework\\src\\Illuminate\\Database\\Migrations\\Migrator.php(798): Illuminate\\Console\\View\\Components\\Task->render()
#15 C:\\ООП\\PHP_Puchkin_IYU\\Task04\\vendor\\laravel\\framework\\src\\Illuminate\\Database\\Migrations\\Migrator.php(244): Illuminate\\Database\\Migrations\\Migrator->write()
#16 C:\\ООП\\PHP_Puchkin_IYU\\Task04\\vendor\\laravel\\framework\\src\\Illuminate\\Database\\Migrations\\Migrator.php(211): Illuminate\\Database\\Migrations\\Migrator->runUp()
#17 C:\\ООП\\PHP_Puchkin_IYU\\Task04\\vendor\\laravel\\framework\\src\\Illuminate\\Database\\Migrations\\Migrator.php(138): Illuminate\\Database\\Migrations\\Migrator->runPending()
#18 C:\\ООП\\PHP_Puchkin_IYU\\Task04\\vendor\\laravel\\framework\\src\\Illuminate\\Database\\Console\\Migrations\\MigrateCommand.php(117): Illuminate\\Database\\Migrations\\Migrator->run()
#19 C:\\ООП\\PHP_Puchkin_IYU\\Task04\\vendor\\laravel\\framework\\src\\Illuminate\\Database\\Migrations\\Migrator.php(658): Illuminate\\Database\\Console\\Migrations\\MigrateCommand->Illuminate\\Database\\Console\\Migrations\\{closure}()
#20 C:\\ООП\\PHP_Puchkin_IYU\\Task04\\vendor\\laravel\\framework\\src\\Illuminate\\Database\\Console\\Migrations\\MigrateCommand.php(110): Illuminate\\Database\\Migrations\\Migrator->usingConnection()
#21 C:\\ООП\\PHP_Puchkin_IYU\\Task04\\vendor\\laravel\\framework\\src\\Illuminate\\Database\\Console\\Migrations\\MigrateCommand.php(89): Illuminate\\Database\\Console\\Migrations\\MigrateCommand->runMigrations()
#22 C:\\ООП\\PHP_Puchkin_IYU\\Task04\\vendor\\laravel\\framework\\src\\Illuminate\\Container\\BoundMethod.php(36): Illuminate\\Database\\Console\\Migrations\\MigrateCommand->handle()
#23 C:\\ООП\\PHP_Puchkin_IYU\\Task04\\vendor\\laravel\\framework\\src\\Illuminate\\Container\\Util.php(43): Illuminate\\Container\\BoundMethod::Illuminate\\Container\\{closure}()
#24 C:\\ООП\\PHP_Puchkin_IYU\\Task04\\vendor\\laravel\\framework\\src\\Illuminate\\Container\\BoundMethod.php(96): Illuminate\\Container\\Util::unwrapIfClosure()
#25 C:\\ООП\\PHP_Puchkin_IYU\\Task04\\vendor\\laravel\\framework\\src\\Illuminate\\Container\\BoundMethod.php(35): Illuminate\\Container\\BoundMethod::callBoundMethod()
#26 C:\\ООП\\PHP_Puchkin_IYU\\Task04\\vendor\\laravel\\framework\\src\\Illuminate\\Container\\Container.php(754): Illuminate\\Container\\BoundMethod::call()
#27 C:\\ООП\\PHP_Puchkin_IYU\\Task04\\vendor\\laravel\\framework\\src\\Illuminate\\Console\\Command.php(213): Illuminate\\Container\\Container->call()
#28 C:\\ООП\\PHP_Puchkin_IYU\\Task04\\vendor\\symfony\\console\\Command\\Command.php(279): Illuminate\\Console\\Command->execute()
#29 C:\\ООП\\PHP_Puchkin_IYU\\Task04\\vendor\\laravel\\framework\\src\\Illuminate\\Console\\Command.php(182): Symfony\\Component\\Console\\Command\\Command->run()
#30 C:\\ООП\\PHP_Puchkin_IYU\\Task04\\vendor\\symfony\\console\\Application.php(1094): Illuminate\\Console\\Command->run()
#31 C:\\ООП\\PHP_Puchkin_IYU\\Task04\\vendor\\symfony\\console\\Application.php(342): Symfony\\Component\\Console\\Application->doRunCommand()
#32 C:\\ООП\\PHP_Puchkin_IYU\\Task04\\vendor\\symfony\\console\\Application.php(193): Symfony\\Component\\Console\\Application->doRun()
#33 C:\\ООП\\PHP_Puchkin_IYU\\Task04\\vendor\\laravel\\framework\\src\\Illuminate\\Foundation\\Console\\Kernel.php(198): Symfony\\Component\\Console\\Application->run()
#34 C:\\ООП\\PHP_Puchkin_IYU\\Task04\\vendor\\laravel\\framework\\src\\Illuminate\\Foundation\\Application.php(1235): Illuminate\\Foundation\\Console\\Kernel->handle()
#35 C:\\ООП\\PHP_Puchkin_IYU\\Task04\\artisan(16): Illuminate\\Foundation\\Application->handleCommand()
#36 {main}
"} 
[2025-03-20 22:33:39] local.ERROR: SQLSTATE[HY000]: General error: 1 table "players" already exists (Connection: sqlite, SQL: create table "players" ("id" integer primary key autoincrement not null, "created_at" datetime, "updated_at" datetime)) {"exception":"[object] (Illuminate\\Database\\QueryException(code: HY000): SQLSTATE[HY000]: General error: 1 table \"players\" already exists (Connection: sqlite, SQL: create table \"players\" (\"id\" integer primary key autoincrement not null, \"created_at\" datetime, \"updated_at\" datetime)) at C:\\ООП\\PHP_Puchkin_IYU\\Task04\\vendor\\laravel\\framework\\src\\Illuminate\\Database\\Connection.php:823)
[stacktrace]
#0 C:\\ООП\\PHP_Puchkin_IYU\\Task04\\vendor\\laravel\\framework\\src\\Illuminate\\Database\\Connection.php(777): Illuminate\\Database\\Connection->runQueryCallback()
#1 C:\\ООП\\PHP_Puchkin_IYU\\Task04\\vendor\\laravel\\framework\\src\\Illuminate\\Database\\Connection.php(558): Illuminate\\Database\\Connection->run()
#2 C:\\ООП\\PHP_Puchkin_IYU\\Task04\\vendor\\laravel\\framework\\src\\Illuminate\\Database\\Schema\\Blueprint.php(120): Illuminate\\Database\\Connection->statement()
#3 C:\\ООП\\PHP_Puchkin_IYU\\Task04\\vendor\\laravel\\framework\\src\\Illuminate\\Database\\Schema\\Builder.php(619): Illuminate\\Database\\Schema\\Blueprint->build()
#4 C:\\ООП\\PHP_Puchkin_IYU\\Task04\\vendor\\laravel\\framework\\src\\Illuminate\\Database\\Schema\\Builder.php(473): Illuminate\\Database\\Schema\\Builder->build()
#5 C:\\ООП\\PHP_Puchkin_IYU\\Task04\\vendor\\laravel\\framework\\src\\Illuminate\\Support\\Facades\\Facade.php(361): Illuminate\\Database\\Schema\\Builder->create()
#6 C:\\ООП\\PHP_Puchkin_IYU\\Task04\\database\\migrations\\2025_03_20_190453_create_players_table.php(14): Illuminate\\Support\\Facades\\Facade::__callStatic()
#7 C:\\ООП\\PHP_Puchkin_IYU\\Task04\\vendor\\laravel\\framework\\src\\Illuminate\\Database\\Migrations\\Migrator.php(507): Illuminate\\Database\\Migrations\\Migration@anonymous->up()
#8 C:\\ООП\\PHP_Puchkin_IYU\\Task04\\vendor\\laravel\\framework\\src\\Illuminate\\Database\\Migrations\\Migrator.php(432): Illuminate\\Database\\Migrations\\Migrator->runMethod()
#9 C:\\ООП\\PHP_Puchkin_IYU\\Task04\\vendor\\laravel\\framework\\src\\Illuminate\\Database\\Migrations\\Migrator.php(441): Illuminate\\Database\\Migrations\\Migrator->Illuminate\\Database\\Migrations\\{closure}()
#10 C:\\ООП\\PHP_Puchkin_IYU\\Task04\\vendor\\laravel\\framework\\src\\Illuminate\\Database\\Migrations\\Migrator.php(244): Illuminate\\Database\\Migrations\\Migrator->runMigration()
#11 C:\\ООП\\PHP_Puchkin_IYU\\Task04\\vendor\\laravel\\framework\\src\\Illuminate\\Console\\View\\Components\\Task.php(40): Illuminate\\Database\\Migrations\\Migrator->Illuminate\\Database\\Migrations\\{closure}()
#12 C:\\ООП\\PHP_Puchkin_IYU\\Task04\\vendor\\laravel\\framework\\src\\Illuminate\\Database\\Migrations\\Migrator.php(798): Illuminate\\Console\\View\\Components\\Task->render()
#13 C:\\ООП\\PHP_Puchkin_IYU\\Task04\\vendor\\laravel\\framework\\src\\Illuminate\\Database\\Migrations\\Migrator.php(244): Illuminate\\Database\\Migrations\\Migrator->write()
#14 C:\\ООП\\PHP_Puchkin_IYU\\Task04\\vendor\\laravel\\framework\\src\\Illuminate\\Database\\Migrations\\Migrator.php(211): Illuminate\\Database\\Migrations\\Migrator->runUp()
#15 C:\\ООП\\PHP_Puchkin_IYU\\Task04\\vendor\\laravel\\framework\\src\\Illuminate\\Database\\Migrations\\Migrator.php(138): Illuminate\\Database\\Migrations\\Migrator->runPending()
#16 C:\\ООП\\PHP_Puchkin_IYU\\Task04\\vendor\\laravel\\framework\\src\\Illuminate\\Database\\Console\\Migrations\\MigrateCommand.php(117): Illuminate\\Database\\Migrations\\Migrator->run()
#17 C:\\ООП\\PHP_Puchkin_IYU\\Task04\\vendor\\laravel\\framework\\src\\Illuminate\\Database\\Migrations\\Migrator.php(658): Illuminate\\Database\\Console\\Migrations\\MigrateCommand->Illuminate\\Database\\Console\\Migrations\\{closure}()
#18 C:\\ООП\\PHP_Puchkin_IYU\\Task04\\vendor\\laravel\\framework\\src\\Illuminate\\Database\\Console\\Migrations\\MigrateCommand.php(110): Illuminate\\Database\\Migrations\\Migrator->usingConnection()
#19 C:\\ООП\\PHP_Puchkin_IYU\\Task04\\vendor\\laravel\\framework\\src\\Illuminate\\Database\\Console\\Migrations\\MigrateCommand.php(89): Illuminate\\Database\\Console\\Migrations\\MigrateCommand->runMigrations()
#20 C:\\ООП\\PHP_Puchkin_IYU\\Task04\\vendor\\laravel\\framework\\src\\Illuminate\\Container\\BoundMethod.php(36): Illuminate\\Database\\Console\\Migrations\\MigrateCommand->handle()
#21 C:\\ООП\\PHP_Puchkin_IYU\\Task04\\vendor\\laravel\\framework\\src\\Illuminate\\Container\\Util.php(43): Illuminate\\Container\\BoundMethod::Illuminate\\Container\\{closure}()
#22 C:\\ООП\\PHP_Puchkin_IYU\\Task04\\vendor\\laravel\\framework\\src\\Illuminate\\Container\\BoundMethod.php(96): Illuminate\\Container\\Util::unwrapIfClosure()
#23 C:\\ООП\\PHP_Puchkin_IYU\\Task04\\vendor\\laravel\\framework\\src\\Illuminate\\Container\\BoundMethod.php(35): Illuminate\\Container\\BoundMethod::callBoundMethod()
#24 C:\\ООП\\PHP_Puchkin_IYU\\Task04\\vendor\\laravel\\framework\\src\\Illuminate\\Container\\Container.php(754): Illuminate\\Container\\BoundMethod::call()
#25 C:\\ООП\\PHP_Puchkin_IYU\\Task04\\vendor\\laravel\\framework\\src\\Illuminate\\Console\\Command.php(213): Illuminate\\Container\\Container->call()
#26 C:\\ООП\\PHP_Puchkin_IYU\\Task04\\vendor\\symfony\\console\\Command\\Command.php(279): Illuminate\\Console\\Command->execute()
#27 C:\\ООП\\PHP_Puchkin_IYU\\Task04\\vendor\\laravel\\framework\\src\\Illuminate\\Console\\Command.php(182): Symfony\\Component\\Console\\Command\\Command->run()
#28 C:\\ООП\\PHP_Puchkin_IYU\\Task04\\vendor\\symfony\\console\\Application.php(1094): Illuminate\\Console\\Command->run()
#29 C:\\ООП\\PHP_Puchkin_IYU\\Task04\\vendor\\symfony\\console\\Application.php(342): Symfony\\Component\\Console\\Application->doRunCommand()
#30 C:\\ООП\\PHP_Puchkin_IYU\\Task04\\vendor\\symfony\\console\\Application.php(193): Symfony\\Component\\Console\\Application->doRun()
#31 C:\\ООП\\PHP_Puchkin_IYU\\Task04\\vendor\\laravel\\framework\\src\\Illuminate\\Foundation\\Console\\Kernel.php(198): Symfony\\Component\\Console\\Application->run()
#32 C:\\ООП\\PHP_Puchkin_IYU\\Task04\\vendor\\laravel\\framework\\src\\Illuminate\\Foundation\\Application.php(1235): Illuminate\\Foundation\\Console\\Kernel->handle()
#33 C:\\ООП\\PHP_Puchkin_IYU\\Task04\\artisan(16): Illuminate\\Foundation\\Application->handleCommand()
#34 {main}

[previous exception] [object] (PDOException(code: HY000): SQLSTATE[HY000]: General error: 1 table \"players\" already exists at C:\\ООП\\PHP_Puchkin_IYU\\Task04\\vendor\\laravel\\framework\\src\\Illuminate\\Database\\Connection.php:563)
[stacktrace]
#0 C:\\ООП\\PHP_Puchkin_IYU\\Task04\\vendor\\laravel\\framework\\src\\Illuminate\\Database\\Connection.php(563): PDO->prepare()
#1 C:\\ООП\\PHP_Puchkin_IYU\\Task04\\vendor\\laravel\\framework\\src\\Illuminate\\Database\\Connection.php(810): Illuminate\\Database\\Connection->Illuminate\\Database\\{closure}()
#2 C:\\ООП\\PHP_Puchkin_IYU\\Task04\\vendor\\laravel\\framework\\src\\Illuminate\\Database\\Connection.php(777): Illuminate\\Database\\Connection->runQueryCallback()
#3 C:\\ООП\\PHP_Puchkin_IYU\\Task04\\vendor\\laravel\\framework\\src\\Illuminate\\Database\\Connection.php(558): Illuminate\\Database\\Connection->run()
#4 C:\\ООП\\PHP_Puchkin_IYU\\Task04\\vendor\\laravel\\framework\\src\\Illuminate\\Database\\Schema\\Blueprint.php(120): Illuminate\\Database\\Connection->statement()
#5 C:\\ООП\\PHP_Puchkin_IYU\\Task04\\vendor\\laravel\\framework\\src\\Illuminate\\Database\\Schema\\Builder.php(619): Illuminate\\Database\\Schema\\Blueprint->build()
#6 C:\\ООП\\PHP_Puchkin_IYU\\Task04\\vendor\\laravel\\framework\\src\\Illuminate\\Database\\Schema\\Builder.php(473): Illuminate\\Database\\Schema\\Builder->build()
#7 C:\\ООП\\PHP_Puchkin_IYU\\Task04\\vendor\\laravel\\framework\\src\\Illuminate\\Support\\Facades\\Facade.php(361): Illuminate\\Database\\Schema\\Builder->create()
#8 C:\\ООП\\PHP_Puchkin_IYU\\Task04\\database\\migrations\\2025_03_20_190453_create_players_table.php(14): Illuminate\\Support\\Facades\\Facade::__callStatic()
#9 C:\\ООП\\PHP_Puchkin_IYU\\Task04\\vendor\\laravel\\framework\\src\\Illuminate\\Database\\Migrations\\Migrator.php(507): Illuminate\\Database\\Migrations\\Migration@anonymous->up()
#10 C:\\ООП\\PHP_Puchkin_IYU\\Task04\\vendor\\laravel\\framework\\src\\Illuminate\\Database\\Migrations\\Migrator.php(432): Illuminate\\Database\\Migrations\\Migrator->runMethod()
#11 C:\\ООП\\PHP_Puchkin_IYU\\Task04\\vendor\\laravel\\framework\\src\\Illuminate\\Database\\Migrations\\Migrator.php(441): Illuminate\\Database\\Migrations\\Migrator->Illuminate\\Database\\Migrations\\{closure}()
#12 C:\\ООП\\PHP_Puchkin_IYU\\Task04\\vendor\\laravel\\framework\\src\\Illuminate\\Database\\Migrations\\Migrator.php(244): Illuminate\\Database\\Migrations\\Migrator->runMigration()
#13 C:\\ООП\\PHP_Puchkin_IYU\\Task04\\vendor\\laravel\\framework\\src\\Illuminate\\Console\\View\\Components\\Task.php(40): Illuminate\\Database\\Migrations\\Migrator->Illuminate\\Database\\Migrations\\{closure}()
#14 C:\\ООП\\PHP_Puchkin_IYU\\Task04\\vendor\\laravel\\framework\\src\\Illuminate\\Database\\Migrations\\Migrator.php(798): Illuminate\\Console\\View\\Components\\Task->render()
#15 C:\\ООП\\PHP_Puchkin_IYU\\Task04\\vendor\\laravel\\framework\\src\\Illuminate\\Database\\Migrations\\Migrator.php(244): Illuminate\\Database\\Migrations\\Migrator->write()
#16 C:\\ООП\\PHP_Puchkin_IYU\\Task04\\vendor\\laravel\\framework\\src\\Illuminate\\Database\\Migrations\\Migrator.php(211): Illuminate\\Database\\Migrations\\Migrator->runUp()
#17 C:\\ООП\\PHP_Puchkin_IYU\\Task04\\vendor\\laravel\\framework\\src\\Illuminate\\Database\\Migrations\\Migrator.php(138): Illuminate\\Database\\Migrations\\Migrator->runPending()
#18 C:\\ООП\\PHP_Puchkin_IYU\\Task04\\vendor\\laravel\\framework\\src\\Illuminate\\Database\\Console\\Migrations\\MigrateCommand.php(117): Illuminate\\Database\\Migrations\\Migrator->run()
#19 C:\\ООП\\PHP_Puchkin_IYU\\Task04\\vendor\\laravel\\framework\\src\\Illuminate\\Database\\Migrations\\Migrator.php(658): Illuminate\\Database\\Console\\Migrations\\MigrateCommand->Illuminate\\Database\\Console\\Migrations\\{closure}()
#20 C:\\ООП\\PHP_Puchkin_IYU\\Task04\\vendor\\laravel\\framework\\src\\Illuminate\\Database\\Console\\Migrations\\MigrateCommand.php(110): Illuminate\\Database\\Migrations\\Migrator->usingConnection()
#21 C:\\ООП\\PHP_Puchkin_IYU\\Task04\\vendor\\laravel\\framework\\src\\Illuminate\\Database\\Console\\Migrations\\MigrateCommand.php(89): Illuminate\\Database\\Console\\Migrations\\MigrateCommand->runMigrations()
#22 C:\\ООП\\PHP_Puchkin_IYU\\Task04\\vendor\\laravel\\framework\\src\\Illuminate\\Container\\BoundMethod.php(36): Illuminate\\Database\\Console\\Migrations\\MigrateCommand->handle()
#23 C:\\ООП\\PHP_Puchkin_IYU\\Task04\\vendor\\laravel\\framework\\src\\Illuminate\\Container\\Util.php(43): Illuminate\\Container\\BoundMethod::Illuminate\\Container\\{closure}()
#24 C:\\ООП\\PHP_Puchkin_IYU\\Task04\\vendor\\laravel\\framework\\src\\Illuminate\\Container\\BoundMethod.php(96): Illuminate\\Container\\Util::unwrapIfClosure()
#25 C:\\ООП\\PHP_Puchkin_IYU\\Task04\\vendor\\laravel\\framework\\src\\Illuminate\\Container\\BoundMethod.php(35): Illuminate\\Container\\BoundMethod::callBoundMethod()
#26 C:\\ООП\\PHP_Puchkin_IYU\\Task04\\vendor\\laravel\\framework\\src\\Illuminate\\Container\\Container.php(754): Illuminate\\Container\\BoundMethod::call()
#27 C:\\ООП\\PHP_Puchkin_IYU\\Task04\\vendor\\laravel\\framework\\src\\Illuminate\\Console\\Command.php(213): Illuminate\\Container\\Container->call()
#28 C:\\ООП\\PHP_Puchkin_IYU\\Task04\\vendor\\symfony\\console\\Command\\Command.php(279): Illuminate\\Console\\Command->execute()
#29 C:\\ООП\\PHP_Puchkin_IYU\\Task04\\vendor\\laravel\\framework\\src\\Illuminate\\Console\\Command.php(182): Symfony\\Component\\Console\\Command\\Command->run()
#30 C:\\ООП\\PHP_Puchkin_IYU\\Task04\\vendor\\symfony\\console\\Application.php(1094): Illuminate\\Console\\Command->run()
#31 C:\\ООП\\PHP_Puchkin_IYU\\Task04\\vendor\\symfony\\console\\Application.php(342): Symfony\\Component\\Console\\Application->doRunCommand()
#32 C:\\ООП\\PHP_Puchkin_IYU\\Task04\\vendor\\symfony\\console\\Application.php(193): Symfony\\Component\\Console\\Application->doRun()
#33 C:\\ООП\\PHP_Puchkin_IYU\\Task04\\vendor\\laravel\\framework\\src\\Illuminate\\Foundation\\Console\\Kernel.php(198): Symfony\\Component\\Console\\Application->run()
#34 C:\\ООП\\PHP_Puchkin_IYU\\Task04\\vendor\\laravel\\framework\\src\\Illuminate\\Foundation\\Application.php(1235): Illuminate\\Foundation\\Console\\Kernel->handle()
#35 C:\\ООП\\PHP_Puchkin_IYU\\Task04\\artisan(16): Illuminate\\Foundation\\Application->handleCommand()
#36 {main}
"} 
[2025-03-20 22:35:03] local.ERROR: SQLSTATE[HY000]: General error: 1 table "players" already exists (Connection: sqlite, SQL: create table "players" ("id" integer primary key autoincrement not null, "created_at" datetime, "updated_at" datetime)) {"exception":"[object] (Illuminate\\Database\\QueryException(code: HY000): SQLSTATE[HY000]: General error: 1 table \"players\" already exists (Connection: sqlite, SQL: create table \"players\" (\"id\" integer primary key autoincrement not null, \"created_at\" datetime, \"updated_at\" datetime)) at C:\\ООП\\PHP_Puchkin_IYU\\Task04\\vendor\\laravel\\framework\\src\\Illuminate\\Database\\Connection.php:823)
[stacktrace]
#0 C:\\ООП\\PHP_Puchkin_IYU\\Task04\\vendor\\laravel\\framework\\src\\Illuminate\\Database\\Connection.php(777): Illuminate\\Database\\Connection->runQueryCallback()
#1 C:\\ООП\\PHP_Puchkin_IYU\\Task04\\vendor\\laravel\\framework\\src\\Illuminate\\Database\\Connection.php(558): Illuminate\\Database\\Connection->run()
#2 C:\\ООП\\PHP_Puchkin_IYU\\Task04\\vendor\\laravel\\framework\\src\\Illuminate\\Database\\Schema\\Blueprint.php(120): Illuminate\\Database\\Connection->statement()
#3 C:\\ООП\\PHP_Puchkin_IYU\\Task04\\vendor\\laravel\\framework\\src\\Illuminate\\Database\\Schema\\Builder.php(619): Illuminate\\Database\\Schema\\Blueprint->build()
#4 C:\\ООП\\PHP_Puchkin_IYU\\Task04\\vendor\\laravel\\framework\\src\\Illuminate\\Database\\Schema\\Builder.php(473): Illuminate\\Database\\Schema\\Builder->build()
#5 C:\\ООП\\PHP_Puchkin_IYU\\Task04\\vendor\\laravel\\framework\\src\\Illuminate\\Support\\Facades\\Facade.php(361): Illuminate\\Database\\Schema\\Builder->create()
#6 C:\\ООП\\PHP_Puchkin_IYU\\Task04\\database\\migrations\\2025_03_20_190453_create_players_table.php(14): Illuminate\\Support\\Facades\\Facade::__callStatic()
#7 C:\\ООП\\PHP_Puchkin_IYU\\Task04\\vendor\\laravel\\framework\\src\\Illuminate\\Database\\Migrations\\Migrator.php(507): Illuminate\\Database\\Migrations\\Migration@anonymous->up()
#8 C:\\ООП\\PHP_Puchkin_IYU\\Task04\\vendor\\laravel\\framework\\src\\Illuminate\\Database\\Migrations\\Migrator.php(432): Illuminate\\Database\\Migrations\\Migrator->runMethod()
#9 C:\\ООП\\PHP_Puchkin_IYU\\Task04\\vendor\\laravel\\framework\\src\\Illuminate\\Database\\Migrations\\Migrator.php(441): Illuminate\\Database\\Migrations\\Migrator->Illuminate\\Database\\Migrations\\{closure}()
#10 C:\\ООП\\PHP_Puchkin_IYU\\Task04\\vendor\\laravel\\framework\\src\\Illuminate\\Database\\Migrations\\Migrator.php(244): Illuminate\\Database\\Migrations\\Migrator->runMigration()
#11 C:\\ООП\\PHP_Puchkin_IYU\\Task04\\vendor\\laravel\\framework\\src\\Illuminate\\Console\\View\\Components\\Task.php(40): Illuminate\\Database\\Migrations\\Migrator->Illuminate\\Database\\Migrations\\{closure}()
#12 C:\\ООП\\PHP_Puchkin_IYU\\Task04\\vendor\\laravel\\framework\\src\\Illuminate\\Database\\Migrations\\Migrator.php(798): Illuminate\\Console\\View\\Components\\Task->render()
#13 C:\\ООП\\PHP_Puchkin_IYU\\Task04\\vendor\\laravel\\framework\\src\\Illuminate\\Database\\Migrations\\Migrator.php(244): Illuminate\\Database\\Migrations\\Migrator->write()
#14 C:\\ООП\\PHP_Puchkin_IYU\\Task04\\vendor\\laravel\\framework\\src\\Illuminate\\Database\\Migrations\\Migrator.php(211): Illuminate\\Database\\Migrations\\Migrator->runUp()
#15 C:\\ООП\\PHP_Puchkin_IYU\\Task04\\vendor\\laravel\\framework\\src\\Illuminate\\Database\\Migrations\\Migrator.php(138): Illuminate\\Database\\Migrations\\Migrator->runPending()
#16 C:\\ООП\\PHP_Puchkin_IYU\\Task04\\vendor\\laravel\\framework\\src\\Illuminate\\Database\\Console\\Migrations\\MigrateCommand.php(117): Illuminate\\Database\\Migrations\\Migrator->run()
#17 C:\\ООП\\PHP_Puchkin_IYU\\Task04\\vendor\\laravel\\framework\\src\\Illuminate\\Database\\Migrations\\Migrator.php(658): Illuminate\\Database\\Console\\Migrations\\MigrateCommand->Illuminate\\Database\\Console\\Migrations\\{closure}()
#18 C:\\ООП\\PHP_Puchkin_IYU\\Task04\\vendor\\laravel\\framework\\src\\Illuminate\\Database\\Console\\Migrations\\MigrateCommand.php(110): Illuminate\\Database\\Migrations\\Migrator->usingConnection()
#19 C:\\ООП\\PHP_Puchkin_IYU\\Task04\\vendor\\laravel\\framework\\src\\Illuminate\\Database\\Console\\Migrations\\MigrateCommand.php(89): Illuminate\\Database\\Console\\Migrations\\MigrateCommand->runMigrations()
#20 C:\\ООП\\PHP_Puchkin_IYU\\Task04\\vendor\\laravel\\framework\\src\\Illuminate\\Container\\BoundMethod.php(36): Illuminate\\Database\\Console\\Migrations\\MigrateCommand->handle()
#21 C:\\ООП\\PHP_Puchkin_IYU\\Task04\\vendor\\laravel\\framework\\src\\Illuminate\\Container\\Util.php(43): Illuminate\\Container\\BoundMethod::Illuminate\\Container\\{closure}()
#22 C:\\ООП\\PHP_Puchkin_IYU\\Task04\\vendor\\laravel\\framework\\src\\Illuminate\\Container\\BoundMethod.php(96): Illuminate\\Container\\Util::unwrapIfClosure()
#23 C:\\ООП\\PHP_Puchkin_IYU\\Task04\\vendor\\laravel\\framework\\src\\Illuminate\\Container\\BoundMethod.php(35): Illuminate\\Container\\BoundMethod::callBoundMethod()
#24 C:\\ООП\\PHP_Puchkin_IYU\\Task04\\vendor\\laravel\\framework\\src\\Illuminate\\Container\\Container.php(754): Illuminate\\Container\\BoundMethod::call()
#25 C:\\ООП\\PHP_Puchkin_IYU\\Task04\\vendor\\laravel\\framework\\src\\Illuminate\\Console\\Command.php(213): Illuminate\\Container\\Container->call()
#26 C:\\ООП\\PHP_Puchkin_IYU\\Task04\\vendor\\symfony\\console\\Command\\Command.php(279): Illuminate\\Console\\Command->execute()
#27 C:\\ООП\\PHP_Puchkin_IYU\\Task04\\vendor\\laravel\\framework\\src\\Illuminate\\Console\\Command.php(182): Symfony\\Component\\Console\\Command\\Command->run()
#28 C:\\ООП\\PHP_Puchkin_IYU\\Task04\\vendor\\symfony\\console\\Application.php(1094): Illuminate\\Console\\Command->run()
#29 C:\\ООП\\PHP_Puchkin_IYU\\Task04\\vendor\\symfony\\console\\Application.php(342): Symfony\\Component\\Console\\Application->doRunCommand()
#30 C:\\ООП\\PHP_Puchkin_IYU\\Task04\\vendor\\symfony\\console\\Application.php(193): Symfony\\Component\\Console\\Application->doRun()
#31 C:\\ООП\\PHP_Puchkin_IYU\\Task04\\vendor\\laravel\\framework\\src\\Illuminate\\Foundation\\Console\\Kernel.php(198): Symfony\\Component\\Console\\Application->run()
#32 C:\\ООП\\PHP_Puchkin_IYU\\Task04\\vendor\\laravel\\framework\\src\\Illuminate\\Foundation\\Application.php(1235): Illuminate\\Foundation\\Console\\Kernel->handle()
#33 C:\\ООП\\PHP_Puchkin_IYU\\Task04\\artisan(16): Illuminate\\Foundation\\Application->handleCommand()
#34 {main}

[previous exception] [object] (PDOException(code: HY000): SQLSTATE[HY000]: General error: 1 table \"players\" already exists at C:\\ООП\\PHP_Puchkin_IYU\\Task04\\vendor\\laravel\\framework\\src\\Illuminate\\Database\\Connection.php:563)
[stacktrace]
#0 C:\\ООП\\PHP_Puchkin_IYU\\Task04\\vendor\\laravel\\framework\\src\\Illuminate\\Database\\Connection.php(563): PDO->prepare()
#1 C:\\ООП\\PHP_Puchkin_IYU\\Task04\\vendor\\laravel\\framework\\src\\Illuminate\\Database\\Connection.php(810): Illuminate\\Database\\Connection->Illuminate\\Database\\{closure}()
#2 C:\\ООП\\PHP_Puchkin_IYU\\Task04\\vendor\\laravel\\framework\\src\\Illuminate\\Database\\Connection.php(777): Illuminate\\Database\\Connection->runQueryCallback()
#3 C:\\ООП\\PHP_Puchkin_IYU\\Task04\\vendor\\laravel\\framework\\src\\Illuminate\\Database\\Connection.php(558): Illuminate\\Database\\Connection->run()
#4 C:\\ООП\\PHP_Puchkin_IYU\\Task04\\vendor\\laravel\\framework\\src\\Illuminate\\Database\\Schema\\Blueprint.php(120): Illuminate\\Database\\Connection->statement()
#5 C:\\ООП\\PHP_Puchkin_IYU\\Task04\\vendor\\laravel\\framework\\src\\Illuminate\\Database\\Schema\\Builder.php(619): Illuminate\\Database\\Schema\\Blueprint->build()
#6 C:\\ООП\\PHP_Puchkin_IYU\\Task04\\vendor\\laravel\\framework\\src\\Illuminate\\Database\\Schema\\Builder.php(473): Illuminate\\Database\\Schema\\Builder->build()
#7 C:\\ООП\\PHP_Puchkin_IYU\\Task04\\vendor\\laravel\\framework\\src\\Illuminate\\Support\\Facades\\Facade.php(361): Illuminate\\Database\\Schema\\Builder->create()
#8 C:\\ООП\\PHP_Puchkin_IYU\\Task04\\database\\migrations\\2025_03_20_190453_create_players_table.php(14): Illuminate\\Support\\Facades\\Facade::__callStatic()
#9 C:\\ООП\\PHP_Puchkin_IYU\\Task04\\vendor\\laravel\\framework\\src\\Illuminate\\Database\\Migrations\\Migrator.php(507): Illuminate\\Database\\Migrations\\Migration@anonymous->up()
#10 C:\\ООП\\PHP_Puchkin_IYU\\Task04\\vendor\\laravel\\framework\\src\\Illuminate\\Database\\Migrations\\Migrator.php(432): Illuminate\\Database\\Migrations\\Migrator->runMethod()
#11 C:\\ООП\\PHP_Puchkin_IYU\\Task04\\vendor\\laravel\\framework\\src\\Illuminate\\Database\\Migrations\\Migrator.php(441): Illuminate\\Database\\Migrations\\Migrator->Illuminate\\Database\\Migrations\\{closure}()
#12 C:\\ООП\\PHP_Puchkin_IYU\\Task04\\vendor\\laravel\\framework\\src\\Illuminate\\Database\\Migrations\\Migrator.php(244): Illuminate\\Database\\Migrations\\Migrator->runMigration()
#13 C:\\ООП\\PHP_Puchkin_IYU\\Task04\\vendor\\laravel\\framework\\src\\Illuminate\\Console\\View\\Components\\Task.php(40): Illuminate\\Database\\Migrations\\Migrator->Illuminate\\Database\\Migrations\\{closure}()
#14 C:\\ООП\\PHP_Puchkin_IYU\\Task04\\vendor\\laravel\\framework\\src\\Illuminate\\Database\\Migrations\\Migrator.php(798): Illuminate\\Console\\View\\Components\\Task->render()
#15 C:\\ООП\\PHP_Puchkin_IYU\\Task04\\vendor\\laravel\\framework\\src\\Illuminate\\Database\\Migrations\\Migrator.php(244): Illuminate\\Database\\Migrations\\Migrator->write()
#16 C:\\ООП\\PHP_Puchkin_IYU\\Task04\\vendor\\laravel\\framework\\src\\Illuminate\\Database\\Migrations\\Migrator.php(211): Illuminate\\Database\\Migrations\\Migrator->runUp()
#17 C:\\ООП\\PHP_Puchkin_IYU\\Task04\\vendor\\laravel\\framework\\src\\Illuminate\\Database\\Migrations\\Migrator.php(138): Illuminate\\Database\\Migrations\\Migrator->runPending()
#18 C:\\ООП\\PHP_Puchkin_IYU\\Task04\\vendor\\laravel\\framework\\src\\Illuminate\\Database\\Console\\Migrations\\MigrateCommand.php(117): Illuminate\\Database\\Migrations\\Migrator->run()
#19 C:\\ООП\\PHP_Puchkin_IYU\\Task04\\vendor\\laravel\\framework\\src\\Illuminate\\Database\\Migrations\\Migrator.php(658): Illuminate\\Database\\Console\\Migrations\\MigrateCommand->Illuminate\\Database\\Console\\Migrations\\{closure}()
#20 C:\\ООП\\PHP_Puchkin_IYU\\Task04\\vendor\\laravel\\framework\\src\\Illuminate\\Database\\Console\\Migrations\\MigrateCommand.php(110): Illuminate\\Database\\Migrations\\Migrator->usingConnection()
#21 C:\\ООП\\PHP_Puchkin_IYU\\Task04\\vendor\\laravel\\framework\\src\\Illuminate\\Database\\Console\\Migrations\\MigrateCommand.php(89): Illuminate\\Database\\Console\\Migrations\\MigrateCommand->runMigrations()
#22 C:\\ООП\\PHP_Puchkin_IYU\\Task04\\vendor\\laravel\\framework\\src\\Illuminate\\Container\\BoundMethod.php(36): Illuminate\\Database\\Console\\Migrations\\MigrateCommand->handle()
#23 C:\\ООП\\PHP_Puchkin_IYU\\Task04\\vendor\\laravel\\framework\\src\\Illuminate\\Container\\Util.php(43): Illuminate\\Container\\BoundMethod::Illuminate\\Container\\{closure}()
#24 C:\\ООП\\PHP_Puchkin_IYU\\Task04\\vendor\\laravel\\framework\\src\\Illuminate\\Container\\BoundMethod.php(96): Illuminate\\Container\\Util::unwrapIfClosure()
#25 C:\\ООП\\PHP_Puchkin_IYU\\Task04\\vendor\\laravel\\framework\\src\\Illuminate\\Container\\BoundMethod.php(35): Illuminate\\Container\\BoundMethod::callBoundMethod()
#26 C:\\ООП\\PHP_Puchkin_IYU\\Task04\\vendor\\laravel\\framework\\src\\Illuminate\\Container\\Container.php(754): Illuminate\\Container\\BoundMethod::call()
#27 C:\\ООП\\PHP_Puchkin_IYU\\Task04\\vendor\\laravel\\framework\\src\\Illuminate\\Console\\Command.php(213): Illuminate\\Container\\Container->call()
#28 C:\\ООП\\PHP_Puchkin_IYU\\Task04\\vendor\\symfony\\console\\Command\\Command.php(279): Illuminate\\Console\\Command->execute()
#29 C:\\ООП\\PHP_Puchkin_IYU\\Task04\\vendor\\laravel\\framework\\src\\Illuminate\\Console\\Command.php(182): Symfony\\Component\\Console\\Command\\Command->run()
#30 C:\\ООП\\PHP_Puchkin_IYU\\Task04\\vendor\\symfony\\console\\Application.php(1094): Illuminate\\Console\\Command->run()
#31 C:\\ООП\\PHP_Puchkin_IYU\\Task04\\vendor\\symfony\\console\\Application.php(342): Symfony\\Component\\Console\\Application->doRunCommand()
#32 C:\\ООП\\PHP_Puchkin_IYU\\Task04\\vendor\\symfony\\console\\Application.php(193): Symfony\\Component\\Console\\Application->doRun()
#33 C:\\ООП\\PHP_Puchkin_IYU\\Task04\\vendor\\laravel\\framework\\src\\Illuminate\\Foundation\\Console\\Kernel.php(198): Symfony\\Component\\Console\\Application->run()
#34 C:\\ООП\\PHP_Puchkin_IYU\\Task04\\vendor\\laravel\\framework\\src\\Illuminate\\Foundation\\Application.php(1235): Illuminate\\Foundation\\Console\\Kernel->handle()
#35 C:\\ООП\\PHP_Puchkin_IYU\\Task04\\artisan(16): Illuminate\\Foundation\\Application->handleCommand()
#36 {main}
"} 
